<?xml version="1.0" encoding="UTF-8"?>
<testsuite name="FizzBuzz2Test" tests="2" skipped="0" failures="1" errors="0" timestamp="2023-06-06T18:05:48" hostname="faedulje-26c09" time="0.337">
  <properties/>
  <testcase name="Should show 1 for 1" classname="FizzBuzz2Test" time="0.15"/>
  <testcase name="Should show 2 for 2" classname="FizzBuzz2Test" time="0.186">
    <failure message="Condition not satisfied:&#10;&#10;&quot;2&quot; == new FizzBuzz2().convert(2)&#10;    |  |               |&#10;    |  |               1&#10;    |  &lt;FizzBuzz2@7d6ec8cd&gt;&#10;    false&#10;    1 difference (0% similarity)&#10;    (2)&#10;    (1)&#10;" type="org.spockframework.runtime.SpockComparisonFailure">Condition not satisfied:

&quot;2&quot; == new FizzBuzz2().convert(2)
    |  |               |
    |  |               1
    |  &lt;FizzBuzz2@7d6ec8cd&gt;
    false
    1 difference (0% similarity)
    (2)
    (1)

	at FizzBuzz2Test.Should show 2 for 2(FizzBuzz2Test.groovy:11)
</failure>
  </testcase>
  <system-out><![CDATA[]]></system-out>
  <system-err><![CDATA[]]></system-err>
</testsuite>
