<?xml version="1.0" encoding="UTF-8"?>
<testsuite name="FizzBuzz2Test" tests="4" skipped="0" failures="0" errors="0" timestamp="2022-09-07T22:16:06" hostname="faedulje-a72a4" time="0.225">
  <properties/>
  <testcase name="Should show Stringvalue for input number " classname="FizzBuzz2Test" time="0.222"/>
  <testcase name="Should show Fizz for numbers divisible by 3" classname="FizzBuzz2Test" time="0.001"/>
  <testcase name="Should show Buzz for numbers divisible by 5" classname="FizzBuzz2Test" time="0.0"/>
  <testcase name="Should show FizzBuzz for numbers divisible by 15" classname="FizzBuzz2Test" time="0.001"/>
  <system-out><![CDATA[]]></system-out>
  <system-err><![CDATA[]]></system-err>
</testsuite>
